{"C:\\DESARROLLO WEB\\la-canga-reservas\\src\\admin\\CrearReservaAdmin.jsx": {"path":"C:\\DESARROLLO WEB\\la-canga-reservas\\src\\admin\\CrearReservaAdmin.jsx","statementMap":{"0":{"start":{"line":8,"column":26},"end":{"line":171,"column":1}},"1":{"start":{"line":9,"column":32},"end":{"line":16,"column":4}},"2":{"start":{"line":18,"column":42},"end":{"line":18,"column":57}},"3":{"start":{"line":19,"column":44},"end":{"line":19,"column":56}},"4":{"start":{"line":21,"column":23},"end":{"line":23,"column":3}},"5":{"start":{"line":22,"column":4},"end":{"line":22,"column":64}},"6":{"start":{"line":25,"column":23},"end":{"line":65,"column":3}},"7":{"start":{"line":26,"column":4},"end":{"line":26,"column":23}},"8":{"start":{"line":28,"column":4},"end":{"line":64,"column":5}},"9":{"start":{"line":29,"column":23},"end":{"line":29,"column":64}},"10":{"start":{"line":30,"column":33},"end":{"line":30,"column":71}},"11":{"start":{"line":30,"column":60},"end":{"line":30,"column":70}},"12":{"start":{"line":32,"column":23},"end":{"line":37,"column":7}},"13":{"start":{"line":34,"column":10},"end":{"line":36,"column":33}},"14":{"start":{"line":38,"column":6},"end":{"line":41,"column":7}},"15":{"start":{"line":39,"column":8},"end":{"line":39,"column":83}},"16":{"start":{"line":40,"column":8},"end":{"line":40,"column":15}},"17":{"start":{"line":43,"column":26},"end":{"line":45,"column":7}},"18":{"start":{"line":44,"column":15},"end":{"line":44,"column":94}},"19":{"start":{"line":46,"column":6},"end":{"line":49,"column":7}},"20":{"start":{"line":47,"column":8},"end":{"line":47,"column":75}},"21":{"start":{"line":48,"column":8},"end":{"line":48,"column":15}},"22":{"start":{"line":51,"column":26},"end":{"line":51,"column":76}},"23":{"start":{"line":52,"column":27},"end":{"line":56,"column":7}},"24":{"start":{"line":58,"column":6},"end":{"line":58,"column":61}},"25":{"start":{"line":59,"column":6},"end":{"line":59,"column":36}},"26":{"start":{"line":60,"column":6},"end":{"line":60,"column":28}},"27":{"start":{"line":62,"column":6},"end":{"line":62,"column":54}},"28":{"start":{"line":63,"column":6},"end":{"line":63,"column":54}},"29":{"start":{"line":67,"column":30},"end":{"line":78,"column":3}},"30":{"start":{"line":68,"column":4},"end":{"line":75,"column":7}},"31":{"start":{"line":76,"column":4},"end":{"line":76,"column":25}},"32":{"start":{"line":77,"column":4},"end":{"line":77,"column":27}},"33":{"start":{"line":80,"column":2},"end":{"line":170,"column":4}},"34":{"start":{"line":155,"column":14},"end":{"line":155,"column":80}},"35":{"start":{"line":165,"column":23},"end":{"line":165,"column":45}}},"fnMap":{"0":{"name":"(anonymous_0)","decl":{"start":{"line":8,"column":26},"end":{"line":8,"column":27}},"loc":{"start":{"line":8,"column":32},"end":{"line":171,"column":1}},"line":8},"1":{"name":"(anonymous_1)","decl":{"start":{"line":21,"column":23},"end":{"line":21,"column":24}},"loc":{"start":{"line":21,"column":30},"end":{"line":23,"column":3}},"line":21},"2":{"name":"(anonymous_2)","decl":{"start":{"line":25,"column":23},"end":{"line":25,"column":24}},"loc":{"start":{"line":25,"column":36},"end":{"line":65,"column":3}},"line":25},"3":{"name":"(anonymous_3)","decl":{"start":{"line":30,"column":51},"end":{"line":30,"column":52}},"loc":{"start":{"line":30,"column":60},"end":{"line":30,"column":70}},"line":30},"4":{"name":"(anonymous_4)","decl":{"start":{"line":33,"column":8},"end":{"line":33,"column":9}},"loc":{"start":{"line":34,"column":10},"end":{"line":36,"column":33}},"line":34},"5":{"name":"(anonymous_5)","decl":{"start":{"line":44,"column":8},"end":{"line":44,"column":9}},"loc":{"start":{"line":44,"column":15},"end":{"line":44,"column":94}},"line":44},"6":{"name":"(anonymous_6)","decl":{"start":{"line":67,"column":30},"end":{"line":67,"column":31}},"loc":{"start":{"line":67,"column":36},"end":{"line":78,"column":3}},"line":67},"7":{"name":"(anonymous_7)","decl":{"start":{"line":154,"column":40},"end":{"line":154,"column":41}},"loc":{"start":{"line":155,"column":14},"end":{"line":155,"column":80}},"line":155},"8":{"name":"(anonymous_8)","decl":{"start":{"line":165,"column":17},"end":{"line":165,"column":18}},"loc":{"start":{"line":165,"column":23},"end":{"line":165,"column":45}},"line":165}},"branchMap":{"0":{"loc":{"start":{"line":34,"column":10},"end":{"line":36,"column":33}},"type":"binary-expr","locations":[{"start":{"line":34,"column":10},"end":{"line":34,"column":66}},{"start":{"line":35,"column":10},"end":{"line":35,"column":35}},{"start":{"line":36,"column":10},"end":{"line":36,"column":33}}],"line":34},"1":{"loc":{"start":{"line":38,"column":6},"end":{"line":41,"column":7}},"type":"if","locations":[{"start":{"line":38,"column":6},"end":{"line":41,"column":7}},{"start":{},"end":{}}],"line":38},"2":{"loc":{"start":{"line":44,"column":15},"end":{"line":44,"column":94}},"type":"binary-expr","locations":[{"start":{"line":44,"column":15},"end":{"line":44,"column":38}},{"start":{"line":44,"column":42},"end":{"line":44,"column":67}},{"start":{"line":44,"column":71},"end":{"line":44,"column":94}}],"line":44},"3":{"loc":{"start":{"line":46,"column":6},"end":{"line":49,"column":7}},"type":"if","locations":[{"start":{"line":46,"column":6},"end":{"line":49,"column":7}},{"start":{},"end":{}}],"line":46}},"s":{"0":1,"1":8,"2":8,"3":8,"4":8,"5":6,"6":8,"7":1,"8":1,"9":1,"10":1,"11":0,"12":1,"13":0,"14":1,"15":0,"16":0,"17":1,"18":0,"19":1,"20":0,"21":0,"22":1,"23":1,"24":1,"25":1,"26":1,"27":0,"28":0,"29":8,"30":0,"31":0,"32":0,"33":8,"34":96,"35":0},"f":{"0":8,"1":6,"2":1,"3":0,"4":0,"5":0,"6":0,"7":96,"8":0},"b":{"0":[0,0,0],"1":[0,1],"2":[0,0,0],"3":[0,1]},"_coverageSchema":"1a1c01bbd47fc00a2c39e90264f33305004495a9","hash":"447ab2950b9a9866d37e05b5a68025d24430be72"}
,"C:\\DESARROLLO WEB\\la-canga-reservas\\src\\admin\\Dashboard.jsx": {"path":"C:\\DESARROLLO WEB\\la-canga-reservas\\src\\admin\\Dashboard.jsx","statementMap":{"0":{"start":{"line":21,"column":20},"end":{"line":43,"column":2}},"1":{"start":{"line":22,"column":2},"end":{"line":42,"column":4}},"2":{"start":{"line":33,"column":31},"end":{"line":33,"column":42}},"3":{"start":{"line":36,"column":25},"end":{"line":36,"column":41}},"4":{"start":{"line":45,"column":18},"end":{"line":290,"column":1}},"5":{"start":{"line":46,"column":23},"end":{"line":46,"column":32}},"6":{"start":{"line":48,"column":34},"end":{"line":48,"column":46}},"7":{"start":{"line":49,"column":44},"end":{"line":49,"column":55}},"8":{"start":{"line":50,"column":38},"end":{"line":50,"column":49}},"9":{"start":{"line":53,"column":44},"end":{"line":53,"column":59}},"10":{"start":{"line":54,"column":48},"end":{"line":54,"column":62}},"11":{"start":{"line":57,"column":50},"end":{"line":57,"column":65}},"12":{"start":{"line":58,"column":54},"end":{"line":58,"column":66}},"13":{"start":{"line":61,"column":2},"end":{"line":76,"column":17}},"14":{"start":{"line":62,"column":4},"end":{"line":62,"column":26}},"15":{"start":{"line":62,"column":19},"end":{"line":62,"column":26}},"16":{"start":{"line":64,"column":16},"end":{"line":64,"column":42}},"17":{"start":{"line":65,"column":18},"end":{"line":73,"column":6}},"18":{"start":{"line":66,"column":20},"end":{"line":66,"column":73}},"19":{"start":{"line":66,"column":46},"end":{"line":66,"column":71}},"20":{"start":{"line":67,"column":22},"end":{"line":67,"column":65}},"21":{"start":{"line":67,"column":42},"end":{"line":67,"column":64}},"22":{"start":{"line":68,"column":23},"end":{"line":68,"column":66}},"23":{"start":{"line":68,"column":43},"end":{"line":68,"column":65}},"24":{"start":{"line":70,"column":6},"end":{"line":70,"column":27}},"25":{"start":{"line":71,"column":6},"end":{"line":71,"column":40}},"26":{"start":{"line":72,"column":6},"end":{"line":72,"column":34}},"27":{"start":{"line":75,"column":4},"end":{"line":75,"column":25}},"28":{"start":{"line":75,"column":17},"end":{"line":75,"column":24}},"29":{"start":{"line":79,"column":23},"end":{"line":88,"column":43}},"30":{"start":{"line":80,"column":21},"end":{"line":80,"column":36}},"31":{"start":{"line":81,"column":24},"end":{"line":81,"column":50}},"32":{"start":{"line":82,"column":4},"end":{"line":87,"column":6}},"33":{"start":{"line":91,"column":26},"end":{"line":99,"column":8}},"34":{"start":{"line":92,"column":4},"end":{"line":92,"column":66}},"35":{"start":{"line":92,"column":59},"end":{"line":92,"column":66}},"36":{"start":{"line":93,"column":4},"end":{"line":98,"column":5}},"37":{"start":{"line":94,"column":6},"end":{"line":94,"column":47}},"38":{"start":{"line":97,"column":6},"end":{"line":97,"column":56}},"39":{"start":{"line":101,"column":24},"end":{"line":112,"column":8}},"40":{"start":{"line":102,"column":4},"end":{"line":102,"column":86}},"41":{"start":{"line":102,"column":79},"end":{"line":102,"column":86}},"42":{"start":{"line":103,"column":4},"end":{"line":111,"column":5}},"43":{"start":{"line":104,"column":23},"end":{"line":104,"column":64}},"44":{"start":{"line":105,"column":6},"end":{"line":107,"column":7}},"45":{"start":{"line":106,"column":8},"end":{"line":106,"column":51}},"46":{"start":{"line":110,"column":6},"end":{"line":110,"column":68}},"47":{"start":{"line":114,"column":26},"end":{"line":128,"column":8}},"48":{"start":{"line":115,"column":4},"end":{"line":115,"column":80}},"49":{"start":{"line":115,"column":73},"end":{"line":115,"column":80}},"50":{"start":{"line":116,"column":4},"end":{"line":127,"column":5}},"51":{"start":{"line":117,"column":23},"end":{"line":117,"column":64}},"52":{"start":{"line":118,"column":6},"end":{"line":123,"column":7}},"53":{"start":{"line":119,"column":21},"end":{"line":119,"column":29}},"54":{"start":{"line":120,"column":8},"end":{"line":122,"column":9}},"55":{"start":{"line":121,"column":10},"end":{"line":121,"column":53}},"56":{"start":{"line":126,"column":6},"end":{"line":126,"column":56}},"57":{"start":{"line":131,"column":22},"end":{"line":144,"column":8}},"58":{"start":{"line":132,"column":4},"end":{"line":142,"column":7}},"59":{"start":{"line":143,"column":4},"end":{"line":143,"column":27}},"60":{"start":{"line":146,"column":23},"end":{"line":149,"column":8}},"61":{"start":{"line":147,"column":4},"end":{"line":147,"column":28}},"62":{"start":{"line":148,"column":4},"end":{"line":148,"column":29}},"63":{"start":{"line":151,"column":23},"end":{"line":154,"column":8}},"64":{"start":{"line":152,"column":28},"end":{"line":152,"column":36}},"65":{"start":{"line":153,"column":4},"end":{"line":153,"column":63}},"66":{"start":{"line":153,"column":34},"end":{"line":153,"column":60}},"67":{"start":{"line":156,"column":25},"end":{"line":196,"column":37}},"68":{"start":{"line":157,"column":4},"end":{"line":157,"column":33}},"69":{"start":{"line":157,"column":26},"end":{"line":157,"column":33}},"70":{"start":{"line":158,"column":80},"end":{"line":158,"column":95}},"71":{"start":{"line":160,"column":4},"end":{"line":163,"column":5}},"72":{"start":{"line":161,"column":6},"end":{"line":161,"column":42}},"73":{"start":{"line":162,"column":6},"end":{"line":162,"column":13}},"74":{"start":{"line":165,"column":4},"end":{"line":195,"column":5}},"75":{"start":{"line":167,"column":16},"end":{"line":172,"column":7}},"76":{"start":{"line":174,"column":23},"end":{"line":174,"column":39}},"77":{"start":{"line":175,"column":24},"end":{"line":175,"column":62}},"78":{"start":{"line":175,"column":50},"end":{"line":175,"column":61}},"79":{"start":{"line":177,"column":6},"end":{"line":180,"column":7}},"80":{"start":{"line":178,"column":8},"end":{"line":178,"column":93}},"81":{"start":{"line":179,"column":8},"end":{"line":179,"column":15}},"82":{"start":{"line":183,"column":18},"end":{"line":183,"column":41}},"83":{"start":{"line":184,"column":6},"end":{"line":184,"column":84}},"84":{"start":{"line":187,"column":6},"end":{"line":187,"column":53}},"85":{"start":{"line":188,"column":6},"end":{"line":188,"column":32}},"86":{"start":{"line":190,"column":6},"end":{"line":190,"column":21}},"87":{"start":{"line":193,"column":6},"end":{"line":193,"column":55}},"88":{"start":{"line":194,"column":6},"end":{"line":194,"column":58}},"89":{"start":{"line":198,"column":2},"end":{"line":200,"column":3}},"90":{"start":{"line":199,"column":4},"end":{"line":199,"column":101}},"91":{"start":{"line":202,"column":2},"end":{"line":289,"column":4}},"92":{"start":{"line":231,"column":16},"end":{"line":236,"column":18}},"93":{"start":{"line":260,"column":18},"end":{"line":260,"column":84}},"94":{"start":{"line":282,"column":23},"end":{"line":282,"column":49}},"95":{"start":{"line":283,"column":30},"end":{"line":283,"column":56}}},"fnMap":{"0":{"name":"FilaReserva","decl":{"start":{"line":21,"column":40},"end":{"line":21,"column":51}},"loc":{"start":{"line":21,"column":81},"end":{"line":43,"column":1}},"line":21},"1":{"name":"(anonymous_1)","decl":{"start":{"line":33,"column":25},"end":{"line":33,"column":26}},"loc":{"start":{"line":33,"column":31},"end":{"line":33,"column":42}},"line":33},"2":{"name":"(anonymous_2)","decl":{"start":{"line":36,"column":19},"end":{"line":36,"column":20}},"loc":{"start":{"line":36,"column":25},"end":{"line":36,"column":41}},"line":36},"3":{"name":"(anonymous_3)","decl":{"start":{"line":45,"column":18},"end":{"line":45,"column":19}},"loc":{"start":{"line":45,"column":24},"end":{"line":290,"column":1}},"line":45},"4":{"name":"(anonymous_4)","decl":{"start":{"line":61,"column":12},"end":{"line":61,"column":13}},"loc":{"start":{"line":61,"column":18},"end":{"line":76,"column":3}},"line":61},"5":{"name":"(anonymous_5)","decl":{"start":{"line":65,"column":34},"end":{"line":65,"column":35}},"loc":{"start":{"line":65,"column":48},"end":{"line":73,"column":5}},"line":65},"6":{"name":"(anonymous_6)","decl":{"start":{"line":66,"column":38},"end":{"line":66,"column":39}},"loc":{"start":{"line":66,"column":46},"end":{"line":66,"column":71}},"line":66},"7":{"name":"(anonymous_7)","decl":{"start":{"line":67,"column":35},"end":{"line":67,"column":36}},"loc":{"start":{"line":67,"column":42},"end":{"line":67,"column":64}},"line":67},"8":{"name":"(anonymous_8)","decl":{"start":{"line":68,"column":36},"end":{"line":68,"column":37}},"loc":{"start":{"line":68,"column":43},"end":{"line":68,"column":65}},"line":68},"9":{"name":"(anonymous_9)","decl":{"start":{"line":75,"column":11},"end":{"line":75,"column":12}},"loc":{"start":{"line":75,"column":17},"end":{"line":75,"column":24}},"line":75},"10":{"name":"(anonymous_10)","decl":{"start":{"line":79,"column":31},"end":{"line":79,"column":32}},"loc":{"start":{"line":79,"column":37},"end":{"line":88,"column":3}},"line":79},"11":{"name":"(anonymous_11)","decl":{"start":{"line":91,"column":38},"end":{"line":91,"column":39}},"loc":{"start":{"line":91,"column":52},"end":{"line":99,"column":3}},"line":91},"12":{"name":"(anonymous_12)","decl":{"start":{"line":101,"column":36},"end":{"line":101,"column":37}},"loc":{"start":{"line":101,"column":48},"end":{"line":112,"column":3}},"line":101},"13":{"name":"(anonymous_13)","decl":{"start":{"line":114,"column":38},"end":{"line":114,"column":39}},"loc":{"start":{"line":114,"column":50},"end":{"line":128,"column":3}},"line":114},"14":{"name":"(anonymous_14)","decl":{"start":{"line":131,"column":34},"end":{"line":131,"column":35}},"loc":{"start":{"line":131,"column":47},"end":{"line":144,"column":3}},"line":131},"15":{"name":"(anonymous_15)","decl":{"start":{"line":146,"column":35},"end":{"line":146,"column":36}},"loc":{"start":{"line":146,"column":41},"end":{"line":149,"column":3}},"line":146},"16":{"name":"(anonymous_16)","decl":{"start":{"line":151,"column":35},"end":{"line":151,"column":36}},"loc":{"start":{"line":151,"column":42},"end":{"line":154,"column":3}},"line":151},"17":{"name":"(anonymous_17)","decl":{"start":{"line":153,"column":23},"end":{"line":153,"column":24}},"loc":{"start":{"line":153,"column":34},"end":{"line":153,"column":60}},"line":153},"18":{"name":"(anonymous_18)","decl":{"start":{"line":156,"column":37},"end":{"line":156,"column":38}},"loc":{"start":{"line":156,"column":49},"end":{"line":196,"column":3}},"line":156},"19":{"name":"(anonymous_19)","decl":{"start":{"line":175,"column":43},"end":{"line":175,"column":44}},"loc":{"start":{"line":175,"column":50},"end":{"line":175,"column":61}},"line":175},"20":{"name":"(anonymous_20)","decl":{"start":{"line":230,"column":27},"end":{"line":230,"column":28}},"loc":{"start":{"line":231,"column":16},"end":{"line":236,"column":18}},"line":231},"21":{"name":"(anonymous_21)","decl":{"start":{"line":259,"column":44},"end":{"line":259,"column":45}},"loc":{"start":{"line":260,"column":18},"end":{"line":260,"column":84}},"line":260},"22":{"name":"(anonymous_22)","decl":{"start":{"line":282,"column":17},"end":{"line":282,"column":18}},"loc":{"start":{"line":282,"column":23},"end":{"line":282,"column":49}},"line":282},"23":{"name":"(anonymous_23)","decl":{"start":{"line":283,"column":24},"end":{"line":283,"column":25}},"loc":{"start":{"line":283,"column":30},"end":{"line":283,"column":56}},"line":283}},"branchMap":{"0":{"loc":{"start":{"line":31,"column":31},"end":{"line":31,"column":51}},"type":"binary-expr","locations":[{"start":{"line":31,"column":31},"end":{"line":31,"column":39}},{"start":{"line":31,"column":43},"end":{"line":31,"column":51}}],"line":31},"1":{"loc":{"start":{"line":62,"column":4},"end":{"line":62,"column":26}},"type":"if","locations":[{"start":{"line":62,"column":4},"end":{"line":62,"column":26}},{"start":{},"end":{}}],"line":62},"2":{"loc":{"start":{"line":92,"column":4},"end":{"line":92,"column":66}},"type":"if","locations":[{"start":{"line":92,"column":4},"end":{"line":92,"column":66}},{"start":{},"end":{}}],"line":92},"3":{"loc":{"start":{"line":102,"column":4},"end":{"line":102,"column":86}},"type":"if","locations":[{"start":{"line":102,"column":4},"end":{"line":102,"column":86}},{"start":{},"end":{}}],"line":102},"4":{"loc":{"start":{"line":115,"column":4},"end":{"line":115,"column":80}},"type":"if","locations":[{"start":{"line":115,"column":4},"end":{"line":115,"column":80}},{"start":{},"end":{}}],"line":115},"5":{"loc":{"start":{"line":120,"column":8},"end":{"line":122,"column":9}},"type":"if","locations":[{"start":{"line":120,"column":8},"end":{"line":122,"column":9}},{"start":{},"end":{}}],"line":120},"6":{"loc":{"start":{"line":134,"column":14},"end":{"line":134,"column":34}},"type":"binary-expr","locations":[{"start":{"line":134,"column":14},"end":{"line":134,"column":28}},{"start":{"line":134,"column":32},"end":{"line":134,"column":34}}],"line":134},"7":{"loc":{"start":{"line":135,"column":14},"end":{"line":135,"column":34}},"type":"binary-expr","locations":[{"start":{"line":135,"column":14},"end":{"line":135,"column":28}},{"start":{"line":135,"column":32},"end":{"line":135,"column":34}}],"line":135},"8":{"loc":{"start":{"line":136,"column":16},"end":{"line":136,"column":38}},"type":"binary-expr","locations":[{"start":{"line":136,"column":16},"end":{"line":136,"column":32}},{"start":{"line":136,"column":36},"end":{"line":136,"column":38}}],"line":136},"9":{"loc":{"start":{"line":137,"column":13},"end":{"line":137,"column":32}},"type":"binary-expr","locations":[{"start":{"line":137,"column":13},"end":{"line":137,"column":26}},{"start":{"line":137,"column":30},"end":{"line":137,"column":32}}],"line":137},"10":{"loc":{"start":{"line":138,"column":12},"end":{"line":138,"column":30}},"type":"binary-expr","locations":[{"start":{"line":138,"column":12},"end":{"line":138,"column":24}},{"start":{"line":138,"column":28},"end":{"line":138,"column":30}}],"line":138},"11":{"loc":{"start":{"line":139,"column":12},"end":{"line":139,"column":30}},"type":"binary-expr","locations":[{"start":{"line":139,"column":12},"end":{"line":139,"column":24}},{"start":{"line":139,"column":28},"end":{"line":139,"column":30}}],"line":139},"12":{"loc":{"start":{"line":140,"column":14},"end":{"line":140,"column":34}},"type":"binary-expr","locations":[{"start":{"line":140,"column":14},"end":{"line":140,"column":28}},{"start":{"line":140,"column":32},"end":{"line":140,"column":34}}],"line":140},"13":{"loc":{"start":{"line":141,"column":14},"end":{"line":141,"column":40}},"type":"binary-expr","locations":[{"start":{"line":141,"column":14},"end":{"line":141,"column":28}},{"start":{"line":141,"column":32},"end":{"line":141,"column":40}}],"line":141},"14":{"loc":{"start":{"line":157,"column":4},"end":{"line":157,"column":33}},"type":"if","locations":[{"start":{"line":157,"column":4},"end":{"line":157,"column":33}},{"start":{},"end":{}}],"line":157},"15":{"loc":{"start":{"line":160,"column":4},"end":{"line":163,"column":5}},"type":"if","locations":[{"start":{"line":160,"column":4},"end":{"line":163,"column":5}},{"start":{},"end":{}}],"line":160},"16":{"loc":{"start":{"line":160,"column":8},"end":{"line":160,"column":67}},"type":"binary-expr","locations":[{"start":{"line":160,"column":8},"end":{"line":160,"column":15}},{"start":{"line":160,"column":19},"end":{"line":160,"column":26}},{"start":{"line":160,"column":30},"end":{"line":160,"column":39}},{"start":{"line":160,"column":43},"end":{"line":160,"column":49}},{"start":{"line":160,"column":53},"end":{"line":160,"column":58}},{"start":{"line":160,"column":62},"end":{"line":160,"column":67}}],"line":160},"17":{"loc":{"start":{"line":177,"column":6},"end":{"line":180,"column":7}},"type":"if","locations":[{"start":{"line":177,"column":6},"end":{"line":180,"column":7}},{"start":{},"end":{}}],"line":177},"18":{"loc":{"start":{"line":187,"column":28},"end":{"line":187,"column":51}},"type":"binary-expr","locations":[{"start":{"line":187,"column":28},"end":{"line":187,"column":34}},{"start":{"line":187,"column":38},"end":{"line":187,"column":51}}],"line":187},"19":{"loc":{"start":{"line":198,"column":2},"end":{"line":200,"column":3}},"type":"if","locations":[{"start":{"line":198,"column":2},"end":{"line":200,"column":3}},{"start":{},"end":{}}],"line":198},"20":{"loc":{"start":{"line":229,"column":13},"end":{"line":240,"column":13}},"type":"cond-expr","locations":[{"start":{"line":230,"column":14},"end":{"line":237,"column":16}},{"start":{"line":239,"column":14},"end":{"line":239,"column":92}}],"line":229},"21":{"loc":{"start":{"line":246,"column":7},"end":{"line":277,"column":7}},"type":"binary-expr","locations":[{"start":{"line":246,"column":7},"end":{"line":246,"column":20}},{"start":{"line":246,"column":24},"end":{"line":246,"column":39}},{"start":{"line":247,"column":8},"end":{"line":276,"column":14}}],"line":246}},"s":{"0":1,"1":0,"2":0,"3":0,"4":1,"5":2,"6":2,"7":2,"8":2,"9":2,"10":2,"11":2,"12":2,"13":2,"14":1,"15":0,"16":1,"17":1,"18":1,"19":0,"20":1,"21":0,"22":1,"23":0,"24":1,"25":1,"26":1,"27":1,"28":1,"29":2,"30":2,"31":2,"32":2,"33":2,"34":0,"35":0,"36":0,"37":0,"38":0,"39":2,"40":0,"41":0,"42":0,"43":0,"44":0,"45":0,"46":0,"47":2,"48":0,"49":0,"50":0,"51":0,"52":0,"53":0,"54":0,"55":0,"56":0,"57":2,"58":0,"59":0,"60":2,"61":0,"62":0,"63":2,"64":0,"65":0,"66":0,"67":2,"68":0,"69":0,"70":0,"71":0,"72":0,"73":0,"74":0,"75":0,"76":0,"77":0,"78":0,"79":0,"80":0,"81":0,"82":0,"83":0,"84":0,"85":0,"86":0,"87":0,"88":0,"89":2,"90":0,"91":2,"92":0,"93":0,"94":0,"95":0},"f":{"0":0,"1":0,"2":0,"3":2,"4":1,"5":1,"6":0,"7":0,"8":0,"9":1,"10":2,"11":0,"12":0,"13":0,"14":0,"15":0,"16":0,"17":0,"18":0,"19":0,"20":0,"21":0,"22":0,"23":0},"b":{"0":[0,0],"1":[0,1],"2":[0,0],"3":[0,0],"4":[0,0],"5":[0,0],"6":[0,0],"7":[0,0],"8":[0,0],"9":[0,0],"10":[0,0],"11":[0,0],"12":[0,0],"13":[0,0],"14":[0,0],"15":[0,0],"16":[0,0,0,0,0,0],"17":[0,0],"18":[0,0],"19":[0,2],"20":[0,2],"21":[2,0,0]},"_coverageSchema":"1a1c01bbd47fc00a2c39e90264f33305004495a9","hash":"0730c56d7d777a40f30515c4f7ee32fedbf92e0a"}
,"C:\\DESARROLLO WEB\\la-canga-reservas\\src\\components\\ModalYaReservado.jsx": {"path":"C:\\DESARROLLO WEB\\la-canga-reservas\\src\\components\\ModalYaReservado.jsx","statementMap":{"0":{"start":{"line":17,"column":20},"end":{"line":17,"column":32}},"1":{"start":{"line":20,"column":22},"end":{"line":20,"column":45}},"2":{"start":{"line":21,"column":22},"end":{"line":21,"column":51}},"3":{"start":{"line":22,"column":23},"end":{"line":22,"column":54}},"4":{"start":{"line":25,"column":2},"end":{"line":42,"column":24}},"5":{"start":{"line":26,"column":4},"end":{"line":26,"column":24}},"6":{"start":{"line":26,"column":17},"end":{"line":26,"column":24}},"7":{"start":{"line":28,"column":26},"end":{"line":30,"column":5}},"8":{"start":{"line":29,"column":6},"end":{"line":29,"column":42}},"9":{"start":{"line":29,"column":30},"end":{"line":29,"column":42}},"10":{"start":{"line":32,"column":4},"end":{"line":32,"column":56}},"11":{"start":{"line":35,"column":25},"end":{"line":35,"column":53}},"12":{"start":{"line":36,"column":4},"end":{"line":36,"column":44}},"13":{"start":{"line":38,"column":4},"end":{"line":41,"column":6}},"14":{"start":{"line":39,"column":6},"end":{"line":39,"column":61}},"15":{"start":{"line":40,"column":6},"end":{"line":40,"column":50}},"16":{"start":{"line":44,"column":2},"end":{"line":44,"column":27}},"17":{"start":{"line":44,"column":15},"end":{"line":44,"column":27}},"18":{"start":{"line":47,"column":26},"end":{"line":51,"column":3}},"19":{"start":{"line":48,"column":4},"end":{"line":50,"column":5}},"20":{"start":{"line":49,"column":6},"end":{"line":49,"column":18}},"21":{"start":{"line":53,"column":2},"end":{"line":129,"column":4}}},"fnMap":{"0":{"name":"ModalYaReservado","decl":{"start":{"line":4,"column":9},"end":{"line":4,"column":25}},"loc":{"start":{"line":16,"column":3},"end":{"line":130,"column":1}},"line":16},"1":{"name":"(anonymous_1)","decl":{"start":{"line":25,"column":12},"end":{"line":25,"column":13}},"loc":{"start":{"line":25,"column":18},"end":{"line":42,"column":3}},"line":25},"2":{"name":"(anonymous_2)","decl":{"start":{"line":28,"column":26},"end":{"line":28,"column":27}},"loc":{"start":{"line":28,"column":33},"end":{"line":30,"column":5}},"line":28},"3":{"name":"(anonymous_3)","decl":{"start":{"line":38,"column":11},"end":{"line":38,"column":12}},"loc":{"start":{"line":38,"column":17},"end":{"line":41,"column":5}},"line":38},"4":{"name":"(anonymous_4)","decl":{"start":{"line":47,"column":26},"end":{"line":47,"column":27}},"loc":{"start":{"line":47,"column":33},"end":{"line":51,"column":3}},"line":47}},"branchMap":{"0":{"loc":{"start":{"line":10,"column":2},"end":{"line":10,"column":30}},"type":"default-arg","locations":[{"start":{"line":10,"column":11},"end":{"line":10,"column":30}}],"line":10},"1":{"loc":{"start":{"line":11,"column":2},"end":{"line":11,"column":38}},"type":"default-arg","locations":[{"start":{"line":11,"column":12},"end":{"line":11,"column":38}}],"line":11},"2":{"loc":{"start":{"line":20,"column":22},"end":{"line":20,"column":45}},"type":"binary-expr","locations":[{"start":{"line":20,"column":22},"end":{"line":20,"column":28}},{"start":{"line":20,"column":32},"end":{"line":20,"column":45}}],"line":20},"3":{"loc":{"start":{"line":21,"column":22},"end":{"line":21,"column":51}},"type":"binary-expr","locations":[{"start":{"line":21,"column":22},"end":{"line":21,"column":41}},{"start":{"line":21,"column":45},"end":{"line":21,"column":51}}],"line":21},"4":{"loc":{"start":{"line":22,"column":23},"end":{"line":22,"column":54}},"type":"binary-expr","locations":[{"start":{"line":22,"column":23},"end":{"line":22,"column":43}},{"start":{"line":22,"column":47},"end":{"line":22,"column":54}}],"line":22},"5":{"loc":{"start":{"line":26,"column":4},"end":{"line":26,"column":24}},"type":"if","locations":[{"start":{"line":26,"column":4},"end":{"line":26,"column":24}},{"start":{},"end":{}}],"line":26},"6":{"loc":{"start":{"line":29,"column":6},"end":{"line":29,"column":42}},"type":"if","locations":[{"start":{"line":29,"column":6},"end":{"line":29,"column":42}},{"start":{},"end":{}}],"line":29},"7":{"loc":{"start":{"line":44,"column":2},"end":{"line":44,"column":27}},"type":"if","locations":[{"start":{"line":44,"column":2},"end":{"line":44,"column":27}},{"start":{},"end":{}}],"line":44},"8":{"loc":{"start":{"line":48,"column":4},"end":{"line":50,"column":5}},"type":"if","locations":[{"start":{"line":48,"column":4},"end":{"line":50,"column":5}},{"start":{},"end":{}}],"line":48},"9":{"loc":{"start":{"line":84,"column":9},"end":{"line":86,"column":9}},"type":"binary-expr","locations":[{"start":{"line":84,"column":9},"end":{"line":84,"column":21}},{"start":{"line":85,"column":10},"end":{"line":85,"column":80}}],"line":84},"10":{"loc":{"start":{"line":88,"column":9},"end":{"line":100,"column":9}},"type":"binary-expr","locations":[{"start":{"line":88,"column":9},"end":{"line":88,"column":20}},{"start":{"line":89,"column":10},"end":{"line":99,"column":13}}],"line":88},"11":{"loc":{"start":{"line":111,"column":11},"end":{"line":113,"column":11}},"type":"binary-expr","locations":[{"start":{"line":111,"column":11},"end":{"line":111,"column":47}},{"start":{"line":112,"column":12},"end":{"line":112,"column":67}}],"line":111}},"s":{"0":11,"1":11,"2":11,"3":11,"4":11,"5":11,"6":9,"7":2,"8":0,"9":0,"10":2,"11":2,"12":2,"13":2,"14":2,"15":2,"16":11,"17":9,"18":2,"19":0,"20":0,"21":2},"f":{"0":11,"1":11,"2":0,"3":2,"4":0},"b":{"0":[9],"1":[9],"2":[11,0],"3":[11,11],"4":[11,11],"5":[9,2],"6":[0,0],"7":[9,2],"8":[0,0],"9":[2,2],"10":[2,2],"11":[2,1]},"_coverageSchema":"1a1c01bbd47fc00a2c39e90264f33305004495a9","hash":"da3c5864dd4a8bd2ed27e5040428fd488b97511a"}
}
