TN:
SF:src\admin\CrearReservaAdmin.jsx
FN:8,(anonymous_0)
FN:21,(anonymous_1)
FN:25,(anonymous_2)
FN:30,(anonymous_3)
FN:33,(anonymous_4)
FN:44,(anonymous_5)
FN:67,(anonymous_6)
FN:154,(anonymous_7)
FN:165,(anonymous_8)
FNF:9
FNH:4
FNDA:8,(anonymous_0)
FNDA:6,(anonymous_1)
FNDA:1,(anonymous_2)
FNDA:0,(anonymous_3)
FNDA:0,(anonymous_4)
FNDA:0,(anonymous_5)
FNDA:0,(anonymous_6)
FNDA:96,(anonymous_7)
FNDA:0,(anonymous_8)
DA:8,1
DA:9,8
DA:18,8
DA:19,8
DA:21,8
DA:22,6
DA:25,8
DA:26,1
DA:28,1
DA:29,1
DA:30,1
DA:32,1
DA:34,0
DA:38,1
DA:39,0
DA:40,0
DA:43,1
DA:44,0
DA:46,1
DA:47,0
DA:48,0
DA:51,1
DA:52,1
DA:58,1
DA:59,1
DA:60,1
DA:62,0
DA:63,0
DA:67,8
DA:68,0
DA:76,0
DA:77,0
DA:80,8
DA:155,96
DA:165,0
LF:35
LH:23
BRDA:34,0,0,0
BRDA:34,0,1,0
BRDA:34,0,2,0
BRDA:38,1,0,0
BRDA:38,1,1,1
BRDA:44,2,0,0
BRDA:44,2,1,0
BRDA:44,2,2,0
BRDA:46,3,0,0
BRDA:46,3,1,1
BRF:10
BRH:2
end_of_record
TN:
SF:src\admin\Dashboard.jsx
FN:21,FilaReserva
FN:33,(anonymous_1)
FN:36,(anonymous_2)
FN:45,(anonymous_3)
FN:61,(anonymous_4)
FN:65,(anonymous_5)
FN:66,(anonymous_6)
FN:67,(anonymous_7)
FN:68,(anonymous_8)
FN:75,(anonymous_9)
FN:79,(anonymous_10)
FN:91,(anonymous_11)
FN:101,(anonymous_12)
FN:114,(anonymous_13)
FN:131,(anonymous_14)
FN:146,(anonymous_15)
FN:151,(anonymous_16)
FN:153,(anonymous_17)
FN:156,(anonymous_18)
FN:175,(anonymous_19)
FN:230,(anonymous_20)
FN:259,(anonymous_21)
FN:282,(anonymous_22)
FN:283,(anonymous_23)
FNF:24
FNH:5
FNDA:0,FilaReserva
FNDA:0,(anonymous_1)
FNDA:0,(anonymous_2)
FNDA:2,(anonymous_3)
FNDA:1,(anonymous_4)
FNDA:1,(anonymous_5)
FNDA:0,(anonymous_6)
FNDA:0,(anonymous_7)
FNDA:0,(anonymous_8)
FNDA:1,(anonymous_9)
FNDA:2,(anonymous_10)
FNDA:0,(anonymous_11)
FNDA:0,(anonymous_12)
FNDA:0,(anonymous_13)
FNDA:0,(anonymous_14)
FNDA:0,(anonymous_15)
FNDA:0,(anonymous_16)
FNDA:0,(anonymous_17)
FNDA:0,(anonymous_18)
FNDA:0,(anonymous_19)
FNDA:0,(anonymous_20)
FNDA:0,(anonymous_21)
FNDA:0,(anonymous_22)
FNDA:0,(anonymous_23)
DA:21,1
DA:22,0
DA:33,0
DA:36,0
DA:45,1
DA:46,2
DA:48,2
DA:49,2
DA:50,2
DA:53,2
DA:54,2
DA:57,2
DA:58,2
DA:61,2
DA:62,1
DA:64,1
DA:65,1
DA:66,1
DA:67,1
DA:68,1
DA:70,1
DA:71,1
DA:72,1
DA:75,1
DA:79,2
DA:80,2
DA:81,2
DA:82,2
DA:91,2
DA:92,0
DA:93,0
DA:94,0
DA:97,0
DA:101,2
DA:102,0
DA:103,0
DA:104,0
DA:105,0
DA:106,0
DA:110,0
DA:114,2
DA:115,0
DA:116,0
DA:117,0
DA:118,0
DA:119,0
DA:120,0
DA:121,0
DA:126,0
DA:131,2
DA:132,0
DA:143,0
DA:146,2
DA:147,0
DA:148,0
DA:151,2
DA:152,0
DA:153,0
DA:156,2
DA:157,0
DA:158,0
DA:160,0
DA:161,0
DA:162,0
DA:165,0
DA:167,0
DA:174,0
DA:175,0
DA:177,0
DA:178,0
DA:179,0
DA:183,0
DA:184,0
DA:187,0
DA:188,0
DA:190,0
DA:193,0
DA:194,0
DA:198,2
DA:199,0
DA:202,2
DA:231,0
DA:260,0
DA:282,0
DA:283,0
LF:85
LH:34
BRDA:31,0,0,0
BRDA:31,0,1,0
BRDA:62,1,0,0
BRDA:62,1,1,1
BRDA:92,2,0,0
BRDA:92,2,1,0
BRDA:102,3,0,0
BRDA:102,3,1,0
BRDA:115,4,0,0
BRDA:115,4,1,0
BRDA:120,5,0,0
BRDA:120,5,1,0
BRDA:134,6,0,0
BRDA:134,6,1,0
BRDA:135,7,0,0
BRDA:135,7,1,0
BRDA:136,8,0,0
BRDA:136,8,1,0
BRDA:137,9,0,0
BRDA:137,9,1,0
BRDA:138,10,0,0
BRDA:138,10,1,0
BRDA:139,11,0,0
BRDA:139,11,1,0
BRDA:140,12,0,0
BRDA:140,12,1,0
BRDA:141,13,0,0
BRDA:141,13,1,0
BRDA:157,14,0,0
BRDA:157,14,1,0
BRDA:160,15,0,0
BRDA:160,15,1,0
BRDA:160,16,0,0
BRDA:160,16,1,0
BRDA:160,16,2,0
BRDA:160,16,3,0
BRDA:160,16,4,0
BRDA:160,16,5,0
BRDA:177,17,0,0
BRDA:177,17,1,0
BRDA:187,18,0,0
BRDA:187,18,1,0
BRDA:198,19,0,0
BRDA:198,19,1,2
BRDA:229,20,0,0
BRDA:229,20,1,2
BRDA:246,21,0,2
BRDA:246,21,1,0
BRDA:246,21,2,0
BRF:49
BRH:4
end_of_record
TN:
SF:src\components\ModalYaReservado.jsx
FN:4,ModalYaReservado
FN:25,(anonymous_1)
FN:28,(anonymous_2)
FN:38,(anonymous_3)
FN:47,(anonymous_4)
FNF:5
FNH:3
FNDA:11,ModalYaReservado
FNDA:11,(anonymous_1)
FNDA:0,(anonymous_2)
FNDA:2,(anonymous_3)
FNDA:0,(anonymous_4)
DA:17,11
DA:20,11
DA:21,11
DA:22,11
DA:25,11
DA:26,11
DA:28,2
DA:29,0
DA:32,2
DA:35,2
DA:36,2
DA:38,2
DA:39,2
DA:40,2
DA:44,11
DA:47,2
DA:48,0
DA:49,0
DA:53,2
LF:19
LH:16
BRDA:10,0,0,9
BRDA:11,1,0,9
BRDA:20,2,0,11
BRDA:20,2,1,0
BRDA:21,3,0,11
BRDA:21,3,1,11
BRDA:22,4,0,11
BRDA:22,4,1,11
BRDA:26,5,0,9
BRDA:26,5,1,2
BRDA:29,6,0,0
BRDA:29,6,1,0
BRDA:44,7,0,9
BRDA:44,7,1,2
BRDA:48,8,0,0
BRDA:48,8,1,0
BRDA:84,9,0,2
BRDA:84,9,1,2
BRDA:88,10,0,2
BRDA:88,10,1,2
BRDA:111,11,0,2
BRDA:111,11,1,1
BRF:22
BRH:17
end_of_record
